<?xml version="1.0" encoding="UTF-8"?>
<!-- Generated by org.testng.reporters.JUnitReportReporter -->
<testsuite hostname="LAPTOP-S2V733QP" failures="0" tests="1" name="Com.PeopleNTech.Framework.FrameWorkForBetterLearning.MedicareQuote" time="30.120" errors="0" timestamp="2021-04-28T19:09:39 EDT" skipped="0">
  <testcase classname="Com.PeopleNTech.Framework.FrameWorkForBetterLearning.MedicareQuote" name="f" time="30.120"/>
  <system-out/>
</testsuite> <!-- Com.PeopleNTech.Framework.FrameWorkForBetterLearning.MedicareQuote -->
